#
# A fatal error has been detected by the Java Runtime Environment:
#
#  EXCEPTION_ACCESS_VIOLATION (0xc0000005) at pc=0x000000006d1ecc23, pid=31956, tid=12184
#
# JRE version: Java(TM) SE Runtime Environment (10.0.2+13) (build 10.0.2+13)
# Java VM: Java HotSpot(TM) 64-Bit Server VM (10.0.2+13, mixed mode, tiered, compressed oops, g1 gc, windows-amd64)
# Problematic frame:
# V  [jvm.dll+0x31cc23]
#
# No core dump will be written. Minidumps are not enabled by default on client versions of Windows
#
# If you would like to submit a bug report, please visit:
#   http://bugreport.java.com/bugreport/crash.jsp
#

---------------  S U M M A R Y ------------

Command Line: -agentlib:jdwp=transport=dt_socket,suspend=y,address=localhost:59238 -javaagent:C:\Users\User\eclipse\java-2021-03\eclipse\configuration\org.eclipse.osgi\222\0\.cp\lib\javaagent-shaded.jar -Dfile.encoding=Cp1252 SDET.Practice

Host: Intel(R) Core(TM) i7-4510U CPU @ 2.00GHz, 4 cores, 11G,  Windows 10 , 64 bit Build 19041 (10.0.19041.928)
Time: Mon May 17 15:01:50 2021 Eastern Daylight Time elapsed time: 4900 seconds (0d 1h 21m 40s)

---------------  T H R E A D  ---------------

Current thread (0x00000297a3841000):  VMThread "VM Thread" [stack: 0x000000dba7200000,0x000000dba7300000] [id=12184]

Stack: [0x000000dba7200000,0x000000dba7300000],  sp=0x000000dba72febe0,  free space=1018k
Native frames: (J=compiled Java code, j=interpreted, Vv=VM code, C=native code)
V  [jvm.dll+0x31cc23]
V  [jvm.dll+0x3206a6]
V  [jvm.dll+0x320a62]
V  [jvm.dll+0x31ced5]
V  [jvm.dll+0x59097f]
V  [jvm.dll+0x590d66]
V  [jvm.dll+0x590b26]
V  [jvm.dll+0x55c148]
V  [jvm.dll+0x473bca]
V  [jvm.dll+0x6c47bc]
V  [jvm.dll+0x6c2f25]
V  [jvm.dll+0x6c3730]
V  [jvm.dll+0x6c3a6c]
V  [jvm.dll+0x59f4b0]
C  [msvcr120.dll+0x24f7f]
C  [msvcr120.dll+0x25126]
C  [KERNEL32.DLL+0x17034]
C  [ntdll.dll+0x52651]


siginfo: EXCEPTION_ACCESS_VIOLATION (0xc0000005), reading address 0xffffffffffffffff


Register to memory mapping:

RIP=0x000000006d1ecc23 jvm.dll
RAX=0x00000297a37f7ae0 is an unknown value
RBX=0x000000dba72fee00 is an unknown value
RCX=0x000000dba72fee70 is an unknown value
RDX=0xffffffffffffca6c is an unknown value
RSP=0x000000dba72febe0 is an unknown value
RBP=0x000000dba72fec40 is an unknown value
RSI=0x0000000000000000 is an unknown value
RDI=0x00000000000000a7 is an unknown value
R8 =0x03ffffffffffff29 is an unknown value
R9 =0x000000000000002c is an unknown value
R10=0x0000000000000000 is an unknown value
R11=0xf003c005f961c128 is an unknown value
R12=0x0000000000000000 is an unknown value
R13=0x00000000000003d8 is an unknown value
R14=0x000000006d1ecc00 jvm.dll
R15=0x0000000000000039 is an unknown value


Registers:
RAX=0x00000297a37f7ae0, RBX=0x000000dba72fee00, RCX=0x000000dba72fee70, RDX=0xffffffffffffca6c
RSP=0x000000dba72febe0, RBP=0x000000dba72fec40, RSI=0x0000000000000000, RDI=0x00000000000000a7
R8 =0x03ffffffffffff29, R9 =0x000000000000002c, R10=0x0000000000000000, R11=0xf003c005f961c128
R12=0x0000000000000000, R13=0x00000000000003d8, R14=0x000000006d1ecc00, R15=0x0000000000000039
RIP=0x000000006d1ecc23, EFLAGS=0x0000000000010a03

Top of Stack: (sp=0x000000dba72febe0)
0x000000dba72febe0:   0000000000000220 0000000000000200
0x000000dba72febf0:   0000000000000000 0000000000000000
0x000000dba72fec00:   000000dba72fee00 000000006d1f06a6
0x000000dba72fec10:   00000000020a33ca 000000dba72fee00
0x000000dba72fec20:   00000297a45690d0 00000000000000b6
0x000000dba72fec30:   00000297a37f7a90 000000006cfd5f8a
0x000000dba72fec40:   00000297a37f7e18 0000000000000001
0x000000dba72fec50:   00000000000000a7 00000297a37f7a30
0x000000dba72fec60:   0000000000000039 000000006d1f0a62
0x000000dba72fec70:   0000000000000038 0000000000000001
0x000000dba72fec80:   000000dba72fee00 00000297a37f7a30
0x000000dba72fec90:   00000297a3fe44d8 00000297a3841000
0x000000dba72feca0:   0000003c00000039 000000a70000008c
0x000000dba72fecb0:   0000008c00000000 ffffffff000000a7
0x000000dba72fecc0:   00000297a37f7e18 0000000000000000
0x000000dba72fecd0:   000000006d64d698 000000006d1eced5 

Instructions: (pc=0x000000006d1ecc23)
0x000000006d1ecc03:   83 ec 20 48 63 d2 48 8b d9 48 83 c1 70 0f b6 c2
0x000000006d1ecc13:   4c 8b c2 24 3f 49 c1 e8 06 44 0f b6 c8 48 8b 01
0x000000006d1ecc23:   4e 8b 04 c0 4d 0f a3 c8 72 0b 41 b0 01 e8 3b 89
0x000000006d1ecc33:   de ff ff 43 6c 48 83 c4 20 5b c3 cc cc 48 83 ec 


VM_Operation (0x000000dba7bff700): GetOrSetLocal, mode: safepoint, requested by thread 0x00000297a42e1000


---------------  P R O C E S S  ---------------

Threads class SMR info:
_java_thread_list=0x00000297a4566240, length=14, elements={
0x00000297ff656000, 0x00000297a3846800, 0x00000297a3849800, 0x00000297a40c9800,
0x00000297a40ca800, 0x00000297a40cd800, 0x00000297a4126800, 0x00000297a413c000,
0x00000297a4152000, 0x00000297a42e1000, 0x00000297a4586000, 0x00000297a4587000,
0x00000297a46ce000, 0x00000297a456d800
}

Java Threads: ( => current thread )
  0x00000297ff656000 JavaThread "main" [_thread_blocked, id=9256, stack(0x000000dba6600000,0x000000dba6700000)]
  0x00000297a3846800 JavaThread "Reference Handler" daemon [_thread_blocked, id=25804, stack(0x000000dba7300000,0x000000dba7400000)]
  0x00000297a3849800 JavaThread "Finalizer" daemon [_thread_blocked, id=22516, stack(0x000000dba7400000,0x000000dba7500000)]
  0x00000297a40c9800 JavaThread "Signal Dispatcher" daemon [_thread_blocked, id=37096, stack(0x000000dba7500000,0x000000dba7600000)]
  0x00000297a40ca800 JavaThread "Attach Listener" daemon [_thread_blocked, id=17144, stack(0x000000dba7600000,0x000000dba7700000)]
  0x00000297a40cd800 JavaThread "C2 CompilerThread0" daemon [_thread_blocked, id=20324, stack(0x000000dba7700000,0x000000dba7800000)]
  0x00000297a4126800 JavaThread "C2 CompilerThread1" daemon [_thread_blocked, id=34844, stack(0x000000dba7800000,0x000000dba7900000)]
  0x00000297a413c000 JavaThread "C1 CompilerThread2" daemon [_thread_blocked, id=32940, stack(0x000000dba7900000,0x000000dba7a00000)]
  0x00000297a4152000 JavaThread "Sweeper thread" daemon [_thread_blocked, id=23876, stack(0x000000dba7a00000,0x000000dba7b00000)]
  0x00000297a42e1000 JavaThread "JDWP Transport Listener: dt_socket" daemon [_thread_blocked, id=37836, stack(0x000000dba7b00000,0x000000dba7c00000)] _threads_hazard_ptr=0x00000297a4566240
  0x00000297a4586000 JavaThread "JDWP Event Helper Thread" daemon [_thread_blocked, id=1476, stack(0x000000dba7c00000,0x000000dba7d00000)]
  0x00000297a4587000 JavaThread "JDWP Command Reader" daemon [_thread_in_native, id=36088, stack(0x000000dba7d00000,0x000000dba7e00000)]
  0x00000297a46ce000 JavaThread "Common-Cleaner" daemon [_thread_blocked, id=24208, stack(0x000000dba7e00000,0x000000dba7f00000)]
  0x00000297a456d800 JavaThread "Service Thread" daemon [_thread_blocked, id=21332, stack(0x000000dba7f00000,0x000000dba8000000)]

Other Threads:
=>0x00000297a3841000 VMThread "VM Thread" [stack: 0x000000dba7200000,0x000000dba7300000] [id=12184]
  0x00000297a4319800 WatcherThread [stack: 0x000000dba8000000,0x000000dba8100000] [id=1760]
  0x00000297ff66f000 GCTaskThread "GC Thread#0" [stack: 0x000000dba6700000,0x000000dba6800000] [id=32624]
  0x00000297ff670800 GCTaskThread "GC Thread#1" [stack: 0x000000dba6800000,0x000000dba6900000] [id=26036]
  0x00000297ff673000 GCTaskThread "GC Thread#2" [stack: 0x000000dba6900000,0x000000dba6a00000] [id=29732]
  0x00000297ff674800 GCTaskThread "GC Thread#3" [stack: 0x000000dba6a00000,0x000000dba6b00000] [id=19668]
  0x00000297fdcdd000 ConcurrentGCThread "G1 Main Marker" [stack: 0x000000dba6b00000,0x000000dba6c00000] [id=31100]
  0x00000297fdcde000 ConcurrentGCThread "G1 Conc#0" [stack: 0x000000dba6c00000,0x000000dba6d00000] [id=22112]
  0x00000297a36e9000 ConcurrentGCThread "G1 Refine#0" [stack: 0x000000dba6d00000,0x000000dba6e00000] [id=9936]
  0x00000297a36ea000 ConcurrentGCThread "G1 Refine#1" [stack: 0x000000dba6e00000,0x000000dba6f00000] [id=35568]
  0x00000297a36eb800 ConcurrentGCThread "G1 Refine#2" [stack: 0x000000dba6f00000,0x000000dba7000000] [id=29672]
  0x00000297a36ed000 ConcurrentGCThread "G1 Refine#3" [stack: 0x000000dba7000000,0x000000dba7100000] [id=34120]
  0x00000297a36f3800 ConcurrentGCThread "G1 Young RemSet Sampling" [stack: 0x000000dba7100000,0x000000dba7200000] [id=18396]

Threads with active compile tasks:

VM state:at safepoint (normal execution)

VM Mutex/Monitor currently owned by a thread:  ([mutex/lock_event])
[0x00000297ff654d20] Threads_lock - owner thread: 0x00000297a3841000

Heap address: 0x0000000701000000, size: 3056 MB, Compressed Oops mode: Zero based, Oop shift amount: 3
Narrow klass base: 0x0000000000000000, Narrow klass shift: 3
Compressed class space size: 1073741824 Address: 0x00000007c0000000

Heap:
 garbage-first heap   total 196608K, used 4096K [0x0000000701000000, 0x00000007c0000000)
  region size 1024K, 5 young (5120K), 0 survivors (0K)
 Metaspace       used 8440K, capacity 8523K, committed 8704K, reserved 1056768K
  class space    used 689K, capacity 731K, committed 768K, reserved 1048576K
Heap Regions: E=young(eden), S=young(survivor), O=old, HS=humongous(starts), HC=humongous(continues), CS=collection set, F=free, A=archive, TS=gc time stamp, AC=allocation context, TAMS=top-at-mark-start (previous, next)
|   0|0x0000000701000000, 0x0000000701000000, 0x0000000701100000|  0%| F|  |TS  0|AC  0|TAMS 0x0000000701000000, 0x0000000701000000|
|   1|0x0000000701100000, 0x0000000701100000, 0x0000000701200000|  0%| F|  |TS  0|AC  0|TAMS 0x0000000701100000, 0x0000000701100000|
|   2|0x0000000701200000, 0x0000000701200000, 0x0000000701300000|  0%| F|  |TS  0|AC  0|TAMS 0x0000000701200000, 0x0000000701200000|
|   3|0x0000000701300000, 0x0000000701300000, 0x0000000701400000|  0%| F|  |TS  0|AC  0|TAMS 0x0000000701300000, 0x0000000701300000|
|   4|0x0000000701400000, 0x0000000701400000, 0x0000000701500000|  0%| F|  |TS  0|AC  0|TAMS 0x0000000701400000, 0x0000000701400000|
|   5|0x0000000701500000, 0x0000000701500000, 0x0000000701600000|  0%| F|  |TS  0|AC  0|TAMS 0x0000000701500000, 0x0000000701500000|
|   6|0x0000000701600000, 0x0000000701600000, 0x0000000701700000|  0%| F|  |TS  0|AC  0|TAMS 0x0000000701600000, 0x0000000701600000|
|   7|0x0000000701700000, 0x0000000701700000, 0x0000000701800000|  0%| F|  |TS  0|AC  0|TAMS 0x0000000701700000, 0x0000000701700000|
|   8|0x0000000701800000, 0x0000000701800000, 0x0000000701900000|  0%| F|  |TS  0|AC  0|TAMS 0x0000000701800000, 0x0000000701800000|
|   9|0x0000000701900000, 0x0000000701900000, 0x0000000701a00000|  0%| F|  |TS  0|AC  0|TAMS 0x0000000701900000, 0x0000000701900000|
|  10|0x0000000701a00000, 0x0000000701a00000, 0x0000000701b00000|  0%| F|  |TS  0|AC  0|TAMS 0x0000000701a00000, 0x0000000701a00000|
|  11|0x0000000701b00000, 0x0000000701b00000, 0x0000000701c00000|  0%| F|  |TS  0|AC  0|TAMS 0x0000000701b00000, 0x0000000701b00000|
|  12|0x0000000701c00000, 0x0000000701c00000, 0x0000000701d00000|  0%| F|  |TS  0|AC  0|TAMS 0x0000000701c00000, 0x0000000701c00000|
|  13|0x0000000701d00000, 0x0000000701d00000, 0x0000000701e00000|  0%| F|  |TS  0|AC  0|TAMS 0x0000000701d00000, 0x0000000701d00000|
|  14|0x0000000701e00000, 0x0000000701e00000, 0x0000000701f00000|  0%| F|  |TS  0|AC  0|TAMS 0x0000000701e00000, 0x0000000701e00000|
|  15|0x0000000701f00000, 0x0000000701f00000, 0x0000000702000000|  0%| F|  |TS  0|AC  0|TAMS 0x0000000701f00000, 0x0000000701f00000|
|  16|0x0000000702000000, 0x0000000702000000, 0x0000000702100000|  0%| F|  |TS  0|AC  0|TAMS 0x0000000702000000, 0x0000000702000000|
|  17|0x0000000702100000, 0x0000000702100000, 0x0000000702200000|  0%| F|  |TS  0|AC  0|TAMS 0x0000000702100000, 0x0000000702100000|
|  18|0x0000000702200000, 0x0000000702200000, 0x0000000702300000|  0%| F|  |TS  0|AC  0|TAMS 0x0000000702200000, 0x0000000702200000|
|  19|0x0000000702300000, 0x0000000702300000, 0x0000000702400000|  0%| F|  |TS  0|AC  0|TAMS 0x0000000702300000, 0x0000000702300000|
|  20|0x0000000702400000, 0x0000000702400000, 0x0000000702500000|  0%| F|  |TS  0|AC  0|TAMS 0x0000000702400000, 0x0000000702400000|
|  21|0x0000000702500000, 0x0000000702500000, 0x0000000702600000|  0%| F|  |TS  0|AC  0|TAMS 0x0000000702500000, 0x0000000702500000|
|  22|0x0000000702600000, 0x0000000702600000, 0x0000000702700000|  0%| F|  |TS  0|AC  0|TAMS 0x0000000702600000, 0x0000000702600000|
|  23|0x0000000702700000, 0x0000000702700000, 0x0000000702800000|  0%| F|  |TS  0|AC  0|TAMS 0x0000000702700000, 0x0000000702700000|
|  24|0x0000000702800000, 0x0000000702800000, 0x0000000702900000|  0%| F|  |TS  0|AC  0|TAMS 0x0000000702800000, 0x0000000702800000|
|  25|0x0000000702900000, 0x0000000702900000, 0x0000000702a00000|  0%| F|  |TS  0|AC  0|TAMS 0x0000000702900000, 0x0000000702900000|
|  26|0x0000000702a00000, 0x0000000702a00000, 0x0000000702b00000|  0%| F|  |TS  0|AC  0|TAMS 0x0000000702a00000, 0x0000000702a00000|
|  27|0x0000000702b00000, 0x0000000702b00000, 0x0000000702c00000|  0%| F|  |TS  0|AC  0|TAMS 0x0000000702b00000, 0x0000000702b00000|
|  28|0x0000000702c00000, 0x0000000702c00000, 0x0000000702d00000|  0%| F|  |TS  0|AC  0|TAMS 0x0000000702c00000, 0x0000000702c00000|
|  29|0x0000000702d00000, 0x0000000702d00000, 0x0000000702e00000|  0%| F|  |TS  0|AC  0|TAMS 0x0000000702d00000, 0x0000000702d00000|
|  30|0x0000000702e00000, 0x0000000702e00000, 0x0000000702f00000|  0%| F|  |TS  0|AC  0|TAMS 0x0000000702e00000, 0x0000000702e00000|
|  31|0x0000000702f00000, 0x0000000702f00000, 0x0000000703000000|  0%| F|  |TS  0|AC  0|TAMS 0x0000000702f00000, 0x0000000702f00000|
|  32|0x0000000703000000, 0x0000000703000000, 0x0000000703100000|  0%| F|  |TS  0|AC  0|TAMS 0x0000000703000000, 0x0000000703000000|
|  33|0x0000000703100000, 0x0000000703100000, 0x0000000703200000|  0%| F|  |TS  0|AC  0|TAMS 0x0000000703100000, 0x0000000703100000|
|  34|0x0000000703200000, 0x0000000703200000, 0x0000000703300000|  0%| F|  |TS  0|AC  0|TAMS 0x0000000703200000, 0x0000000703200000|
|  35|0x0000000703300000, 0x0000000703300000, 0x0000000703400000|  0%| F|  |TS  0|AC  0|TAMS 0x0000000703300000, 0x0000000703300000|
|  36|0x0000000703400000, 0x0000000703400000, 0x0000000703500000|  0%| F|  |TS  0|AC  0|TAMS 0x0000000703400000, 0x0000000703400000|
|  37|0x0000000703500000, 0x0000000703500000, 0x0000000703600000|  0%| F|  |TS  0|AC  0|TAMS 0x0000000703500000, 0x0000000703500000|
|  38|0x0000000703600000, 0x0000000703600000, 0x0000000703700000|  0%| F|  |TS  0|AC  0|TAMS 0x0000000703600000, 0x0000000703600000|
|  39|0x0000000703700000, 0x0000000703700000, 0x0000000703800000|  0%| F|  |TS  0|AC  0|TAMS 0x0000000703700000, 0x0000000703700000|
|  40|0x0000000703800000, 0x0000000703800000, 0x0000000703900000|  0%| F|  |TS  0|AC  0|TAMS 0x0000000703800000, 0x0000000703800000|
|  41|0x0000000703900000, 0x0000000703900000, 0x0000000703a00000|  0%| F|  |TS  0|AC  0|TAMS 0x0000000703900000, 0x0000000703900000|
|  42|0x0000000703a00000, 0x0000000703a00000, 0x0000000703b00000|  0%| F|  |TS  0|AC  0|TAMS 0x0000000703a00000, 0x0000000703a00000|
|  43|0x0000000703b00000, 0x0000000703b00000, 0x0000000703c00000|  0%| F|  |TS  0|AC  0|TAMS 0x0000000703b00000, 0x0000000703b00000|
|  44|0x0000000703c00000, 0x0000000703c00000, 0x0000000703d00000|  0%| F|  |TS  0|AC  0|TAMS 0x0000000703c00000, 0x0000000703c00000|
|  45|0x0000000703d00000, 0x0000000703d00000, 0x0000000703e00000|  0%| F|  |TS  0|AC  0|TAMS 0x0000000703d00000, 0x0000000703d00000|
|  46|0x0000000703e00000, 0x0000000703e00000, 0x0000000703f00000|  0%| F|  |TS  0|AC  0|TAMS 0x0000000703e00000, 0x0000000703e00000|
|  47|0x0000000703f00000, 0x0000000703f00000, 0x0000000704000000|  0%| F|  |TS  0|AC  0|TAMS 0x0000000703f00000, 0x0000000703f00000|
|  48|0x0000000704000000, 0x0000000704000000, 0x0000000704100000|  0%| F|  |TS  0|AC  0|TAMS 0x0000000704000000, 0x0000000704000000|
|  49|0x0000000704100000, 0x0000000704100000, 0x0000000704200000|  0%| F|  |TS  0|AC  0|TAMS 0x0000000704100000, 0x0000000704100000|
|  50|0x0000000704200000, 0x0000000704200000, 0x0000000704300000|  0%| F|  |TS  0|AC  0|TAMS 0x0000000704200000, 0x0000000704200000|
|  51|0x0000000704300000, 0x0000000704300000, 0x0000000704400000|  0%| F|  |TS  0|AC  0|TAMS 0x0000000704300000, 0x0000000704300000|
|  52|0x0000000704400000, 0x0000000704400000, 0x0000000704500000|  0%| F|  |TS  0|AC  0|TAMS 0x0000000704400000, 0x0000000704400000|
|  53|0x0000000704500000, 0x0000000704500000, 0x0000000704600000|  0%| F|  |TS  0|AC  0|TAMS 0x0000000704500000, 0x0000000704500000|
|  54|0x0000000704600000, 0x0000000704600000, 0x0000000704700000|  0%| F|  |TS  0|AC  0|TAMS 0x0000000704600000, 0x0000000704600000|
|  55|0x0000000704700000, 0x0000000704700000, 0x0000000704800000|  0%| F|  |TS  0|AC  0|TAMS 0x0000000704700000, 0x0000000704700000|
|  56|0x0000000704800000, 0x0000000704800000, 0x0000000704900000|  0%| F|  |TS  0|AC  0|TAMS 0x0000000704800000, 0x0000000704800000|
|  57|0x0000000704900000, 0x0000000704900000, 0x0000000704a00000|  0%| F|  |TS  0|AC  0|TAMS 0x0000000704900000, 0x0000000704900000|
|  58|0x0000000704a00000, 0x0000000704a00000, 0x0000000704b00000|  0%| F|  |TS  0|AC  0|TAMS 0x0000000704a00000, 0x0000000704a00000|
|  59|0x0000000704b00000, 0x0000000704b00000, 0x0000000704c00000|  0%| F|  |TS  0|AC  0|TAMS 0x0000000704b00000, 0x0000000704b00000|
|  60|0x0000000704c00000, 0x0000000704c00000, 0x0000000704d00000|  0%| F|  |TS  0|AC  0|TAMS 0x0000000704c00000, 0x0000000704c00000|
|  61|0x0000000704d00000, 0x0000000704d00000, 0x0000000704e00000|  0%| F|  |TS  0|AC  0|TAMS 0x0000000704d00000, 0x0000000704d00000|
|  62|0x0000000704e00000, 0x0000000704e00000, 0x0000000704f00000|  0%| F|  |TS  0|AC  0|TAMS 0x0000000704e00000, 0x0000000704e00000|
|  63|0x0000000704f00000, 0x0000000704f00000, 0x0000000705000000|  0%| F|  |TS  0|AC  0|TAMS 0x0000000704f00000, 0x0000000704f00000|
|  64|0x0000000705000000, 0x0000000705000000, 0x0000000705100000|  0%| F|  |TS  0|AC  0|TAMS 0x0000000705000000, 0x0000000705000000|
|  65|0x0000000705100000, 0x0000000705100000, 0x0000000705200000|  0%| F|  |TS  0|AC  0|TAMS 0x0000000705100000, 0x0000000705100000|
|  66|0x0000000705200000, 0x0000000705200000, 0x0000000705300000|  0%| F|  |TS  0|AC  0|TAMS 0x0000000705200000, 0x0000000705200000|
|  67|0x0000000705300000, 0x0000000705300000, 0x0000000705400000|  0%| F|  |TS  0|AC  0|TAMS 0x0000000705300000, 0x0000000705300000|
|  68|0x0000000705400000, 0x0000000705400000, 0x0000000705500000|  0%| F|  |TS  0|AC  0|TAMS 0x0000000705400000, 0x0000000705400000|
|  69|0x0000000705500000, 0x0000000705500000, 0x0000000705600000|  0%| F|  |TS  0|AC  0|TAMS 0x0000000705500000, 0x0000000705500000|
|  70|0x0000000705600000, 0x0000000705600000, 0x0000000705700000|  0%| F|  |TS  0|AC  0|TAMS 0x0000000705600000, 0x0000000705600000|
|  71|0x0000000705700000, 0x0000000705700000, 0x0000000705800000|  0%| F|  |TS  0|AC  0|TAMS 0x0000000705700000, 0x0000000705700000|
|  72|0x0000000705800000, 0x0000000705800000, 0x0000000705900000|  0%| F|  |TS  0|AC  0|TAMS 0x0000000705800000, 0x0000000705800000|
|  73|0x0000000705900000, 0x0000000705900000, 0x0000000705a00000|  0%| F|  |TS  0|AC  0|TAMS 0x0000000705900000, 0x0000000705900000|
|  74|0x0000000705a00000, 0x0000000705a00000, 0x0000000705b00000|  0%| F|  |TS  0|AC  0|TAMS 0x0000000705a00000, 0x0000000705a00000|
|  75|0x0000000705b00000, 0x0000000705b00000, 0x0000000705c00000|  0%| F|  |TS  0|AC  0|TAMS 0x0000000705b00000, 0x0000000705b00000|
|  76|0x0000000705c00000, 0x0000000705c00000, 0x0000000705d00000|  0%| F|  |TS  0|AC  0|TAMS 0x0000000705c00000, 0x0000000705c00000|
|  77|0x0000000705d00000, 0x0000000705d00000, 0x0000000705e00000|  0%| F|  |TS  0|AC  0|TAMS 0x0000000705d00000, 0x0000000705d00000|
|  78|0x0000000705e00000, 0x0000000705e00000, 0x0000000705f00000|  0%| F|  |TS  0|AC  0|TAMS 0x0000000705e00000, 0x0000000705e00000|
|  79|0x0000000705f00000, 0x0000000705f00000, 0x0000000706000000|  0%| F|  |TS  0|AC  0|TAMS 0x0000000705f00000, 0x0000000705f00000|
|  80|0x0000000706000000, 0x0000000706000000, 0x0000000706100000|  0%| F|  |TS  0|AC  0|TAMS 0x0000000706000000, 0x0000000706000000|
|  81|0x0000000706100000, 0x0000000706100000, 0x0000000706200000|  0%| F|  |TS  0|AC  0|TAMS 0x0000000706100000, 0x0000000706100000|
|  82|0x0000000706200000, 0x0000000706200000, 0x0000000706300000|  0%| F|  |TS  0|AC  0|TAMS 0x0000000706200000, 0x0000000706200000|
|  83|0x0000000706300000, 0x0000000706300000, 0x0000000706400000|  0%| F|  |TS  0|AC  0|TAMS 0x0000000706300000, 0x0000000706300000|
|  84|0x0000000706400000, 0x0000000706400000, 0x0000000706500000|  0%| F|  |TS  0|AC  0|TAMS 0x0000000706400000, 0x0000000706400000|
|  85|0x0000000706500000, 0x0000000706500000, 0x0000000706600000|  0%| F|  |TS  0|AC  0|TAMS 0x0000000706500000, 0x0000000706500000|
|  86|0x0000000706600000, 0x0000000706600000, 0x0000000706700000|  0%| F|  |TS  0|AC  0|TAMS 0x0000000706600000, 0x0000000706600000|
|  87|0x0000000706700000, 0x0000000706700000, 0x0000000706800000|  0%| F|  |TS  0|AC  0|TAMS 0x0000000706700000, 0x0000000706700000|
|  88|0x0000000706800000, 0x0000000706800000, 0x0000000706900000|  0%| F|  |TS  0|AC  0|TAMS 0x0000000706800000, 0x0000000706800000|
|  89|0x0000000706900000, 0x0000000706900000, 0x0000000706a00000|  0%| F|  |TS  0|AC  0|TAMS 0x0000000706900000, 0x0000000706900000|
|  90|0x0000000706a00000, 0x0000000706a00000, 0x0000000706b00000|  0%| F|  |TS  0|AC  0|TAMS 0x0000000706a00000, 0x0000000706a00000|
|  91|0x0000000706b00000, 0x0000000706b00000, 0x0000000706c00000|  0%| F|  |TS  0|AC  0|TAMS 0x0000000706b00000, 0x0000000706b00000|
|  92|0x0000000706c00000, 0x0000000706c00000, 0x0000000706d00000|  0%| F|  |TS  0|AC  0|TAMS 0x0000000706c00000, 0x0000000706c00000|
|  93|0x0000000706d00000, 0x0000000706d00000, 0x0000000706e00000|  0%| F|  |TS  0|AC  0|TAMS 0x0000000706d00000, 0x0000000706d00000|
|  94|0x0000000706e00000, 0x0000000706e00000, 0x0000000706f00000|  0%| F|  |TS  0|AC  0|TAMS 0x0000000706e00000, 0x0000000706e00000|
|  95|0x0000000706f00000, 0x0000000706f00000, 0x0000000707000000|  0%| F|  |TS  0|AC  0|TAMS 0x0000000706f00000, 0x0000000706f00000|
|  96|0x0000000707000000, 0x0000000707000000, 0x0000000707100000|  0%| F|  |TS  0|AC  0|TAMS 0x0000000707000000, 0x0000000707000000|
|  97|0x0000000707100000, 0x0000000707100000, 0x0000000707200000|  0%| F|  |TS  0|AC  0|TAMS 0x0000000707100000, 0x0000000707100000|
|  98|0x0000000707200000, 0x0000000707200000, 0x0000000707300000|  0%| F|  |TS  0|AC  0|TAMS 0x0000000707200000, 0x0000000707200000|
|  99|0x0000000707300000, 0x0000000707300000, 0x0000000707400000|  0%| F|  |TS  0|AC  0|TAMS 0x0000000707300000, 0x0000000707300000|
| 100|0x0000000707400000, 0x0000000707400000, 0x0000000707500000|  0%| F|  |TS  0|AC  0|TAMS 0x0000000707400000, 0x0000000707400000|
| 101|0x0000000707500000, 0x0000000707500000, 0x0000000707600000|  0%| F|  |TS  0|AC  0|TAMS 0x0000000707500000, 0x0000000707500000|
| 102|0x0000000707600000, 0x0000000707600000, 0x0000000707700000|  0%| F|  |TS  0|AC  0|TAMS 0x0000000707600000, 0x0000000707600000|
| 103|0x0000000707700000, 0x0000000707700000, 0x0000000707800000|  0%| F|  |TS  0|AC  0|TAMS 0x0000000707700000, 0x0000000707700000|
| 104|0x0000000707800000, 0x0000000707800000, 0x0000000707900000|  0%| F|  |TS  0|AC  0|TAMS 0x0000000707800000, 0x0000000707800000|
| 105|0x0000000707900000, 0x0000000707900000, 0x0000000707a00000|  0%| F|  |TS  0|AC  0|TAMS 0x0000000707900000, 0x0000000707900000|
| 106|0x0000000707a00000, 0x0000000707a00000, 0x0000000707b00000|  0%| F|  |TS  0|AC  0|TAMS 0x0000000707a00000, 0x0000000707a00000|
| 107|0x0000000707b00000, 0x0000000707b00000, 0x0000000707c00000|  0%| F|  |TS  0|AC  0|TAMS 0x0000000707b00000, 0x0000000707b00000|
| 108|0x0000000707c00000, 0x0000000707c00000, 0x0000000707d00000|  0%| F|  |TS  0|AC  0|TAMS 0x0000000707c00000, 0x0000000707c00000|
| 109|0x0000000707d00000, 0x0000000707d00000, 0x0000000707e00000|  0%| F|  |TS  0|AC  0|TAMS 0x0000000707d00000, 0x0000000707d00000|
| 110|0x0000000707e00000, 0x0000000707e00000, 0x0000000707f00000|  0%| F|  |TS  0|AC  0|TAMS 0x0000000707e00000, 0x0000000707e00000|
| 111|0x0000000707f00000, 0x0000000707f00000, 0x0000000708000000|  0%| F|  |TS  0|AC  0|TAMS 0x0000000707f00000, 0x0000000707f00000|
| 112|0x0000000708000000, 0x0000000708000000, 0x0000000708100000|  0%| F|  |TS  0|AC  0|TAMS 0x0000000708000000, 0x0000000708000000|
| 113|0x0000000708100000, 0x0000000708100000, 0x0000000708200000|  0%| F|  |TS  0|AC  0|TAMS 0x0000000708100000, 0x0000000708100000|
| 114|0x0000000708200000, 0x0000000708200000, 0x0000000708300000|  0%| F|  |TS  0|AC  0|TAMS 0x0000000708200000, 0x0000000708200000|
| 115|0x0000000708300000, 0x0000000708300000, 0x0000000708400000|  0%| F|  |TS  0|AC  0|TAMS 0x0000000708300000, 0x0000000708300000|
| 116|0x0000000708400000, 0x0000000708400000, 0x0000000708500000|  0%| F|  |TS  0|AC  0|TAMS 0x0000000708400000, 0x0000000708400000|
| 117|0x0000000708500000, 0x0000000708500000, 0x0000000708600000|  0%| F|  |TS  0|AC  0|TAMS 0x0000000708500000, 0x0000000708500000|
| 118|0x0000000708600000, 0x0000000708600000, 0x0000000708700000|  0%| F|  |TS  0|AC  0|TAMS 0x0000000708600000, 0x0000000708600000|
| 119|0x0000000708700000, 0x0000000708700000, 0x0000000708800000|  0%| F|  |TS  0|AC  0|TAMS 0x0000000708700000, 0x0000000708700000|
| 120|0x0000000708800000, 0x0000000708800000, 0x0000000708900000|  0%| F|  |TS  0|AC  0|TAMS 0x0000000708800000, 0x0000000708800000|
| 121|0x0000000708900000, 0x0000000708900000, 0x0000000708a00000|  0%| F|  |TS  0|AC  0|TAMS 0x0000000708900000, 0x0000000708900000|
| 122|0x0000000708a00000, 0x0000000708a00000, 0x0000000708b00000|  0%| F|  |TS  0|AC  0|TAMS 0x0000000708a00000, 0x0000000708a00000|
| 123|0x0000000708b00000, 0x0000000708b00000, 0x0000000708c00000|  0%| F|  |TS  0|AC  0|TAMS 0x0000000708b00000, 0x0000000708b00000|
| 124|0x0000000708c00000, 0x0000000708c00000, 0x0000000708d00000|  0%| F|  |TS  0|AC  0|TAMS 0x0000000708c00000, 0x0000000708c00000|
| 125|0x0000000708d00000, 0x0000000708d00000, 0x0000000708e00000|  0%| F|  |TS  0|AC  0|TAMS 0x0000000708d00000, 0x0000000708d00000|
| 126|0x0000000708e00000, 0x0000000708e00000, 0x0000000708f00000|  0%| F|  |TS  0|AC  0|TAMS 0x0000000708e00000, 0x0000000708e00000|
| 127|0x0000000708f00000, 0x0000000708f00000, 0x0000000709000000|  0%| F|  |TS  0|AC  0|TAMS 0x0000000708f00000, 0x0000000708f00000|
| 128|0x0000000709000000, 0x0000000709000000, 0x0000000709100000|  0%| F|  |TS  0|AC  0|TAMS 0x0000000709000000, 0x0000000709000000|
| 129|0x0000000709100000, 0x0000000709100000, 0x0000000709200000|  0%| F|  |TS  0|AC  0|TAMS 0x0000000709100000, 0x0000000709100000|
| 130|0x0000000709200000, 0x0000000709200000, 0x0000000709300000|  0%| F|  |TS  0|AC  0|TAMS 0x0000000709200000, 0x0000000709200000|
| 131|0x0000000709300000, 0x0000000709300000, 0x0000000709400000|  0%| F|  |TS  0|AC  0|TAMS 0x0000000709300000, 0x0000000709300000|
| 132|0x0000000709400000, 0x0000000709400000, 0x0000000709500000|  0%| F|  |TS  0|AC  0|TAMS 0x0000000709400000, 0x0000000709400000|
| 133|0x0000000709500000, 0x0000000709500000, 0x0000000709600000|  0%| F|  |TS  0|AC  0|TAMS 0x0000000709500000, 0x0000000709500000|
| 134|0x0000000709600000, 0x0000000709600000, 0x0000000709700000|  0%| F|  |TS  0|AC  0|TAMS 0x0000000709600000, 0x0000000709600000|
| 135|0x0000000709700000, 0x0000000709700000, 0x0000000709800000|  0%| F|  |TS  0|AC  0|TAMS 0x0000000709700000, 0x0000000709700000|
| 136|0x0000000709800000, 0x0000000709800000, 0x0000000709900000|  0%| F|  |TS  0|AC  0|TAMS 0x0000000709800000, 0x0000000709800000|
| 137|0x0000000709900000, 0x0000000709900000, 0x0000000709a00000|  0%| F|  |TS  0|AC  0|TAMS 0x0000000709900000, 0x0000000709900000|
| 138|0x0000000709a00000, 0x0000000709a00000, 0x0000000709b00000|  0%| F|  |TS  0|AC  0|TAMS 0x0000000709a00000, 0x0000000709a00000|
| 139|0x0000000709b00000, 0x0000000709b00000, 0x0000000709c00000|  0%| F|  |TS  0|AC  0|TAMS 0x0000000709b00000, 0x0000000709b00000|
| 140|0x0000000709c00000, 0x0000000709c00000, 0x0000000709d00000|  0%| F|  |TS  0|AC  0|TAMS 0x0000000709c00000, 0x0000000709c00000|
| 141|0x0000000709d00000, 0x0000000709d00000, 0x0000000709e00000|  0%| F|  |TS  0|AC  0|TAMS 0x0000000709d00000, 0x0000000709d00000|
| 142|0x0000000709e00000, 0x0000000709e00000, 0x0000000709f00000|  0%| F|  |TS  0|AC  0|TAMS 0x0000000709e00000, 0x0000000709e00000|
| 143|0x0000000709f00000, 0x0000000709f00000, 0x000000070a000000|  0%| F|  |TS  0|AC  0|TAMS 0x0000000709f00000, 0x0000000709f00000|
| 144|0x000000070a000000, 0x000000070a000000, 0x000000070a100000|  0%| F|  |TS  0|AC  0|TAMS 0x000000070a000000, 0x000000070a000000|
| 145|0x000000070a100000, 0x000000070a100000, 0x000000070a200000|  0%| F|  |TS  0|AC  0|TAMS 0x000000070a100000, 0x000000070a100000|
| 146|0x000000070a200000, 0x000000070a200000, 0x000000070a300000|  0%| F|  |TS  0|AC  0|TAMS 0x000000070a200000, 0x000000070a200000|
| 147|0x000000070a300000, 0x000000070a300000, 0x000000070a400000|  0%| F|  |TS  0|AC  0|TAMS 0x000000070a300000, 0x000000070a300000|
| 148|0x000000070a400000, 0x000000070a400000, 0x000000070a500000|  0%| F|  |TS  0|AC  0|TAMS 0x000000070a400000, 0x000000070a400000|
| 149|0x000000070a500000, 0x000000070a500000, 0x000000070a600000|  0%| F|  |TS  0|AC  0|TAMS 0x000000070a500000, 0x000000070a500000|
| 150|0x000000070a600000, 0x000000070a600000, 0x000000070a700000|  0%| F|  |TS  0|AC  0|TAMS 0x000000070a600000, 0x000000070a600000|
| 151|0x000000070a700000, 0x000000070a700000, 0x000000070a800000|  0%| F|  |TS  0|AC  0|TAMS 0x000000070a700000, 0x000000070a700000|
| 152|0x000000070a800000, 0x000000070a800000, 0x000000070a900000|  0%| F|  |TS  0|AC  0|TAMS 0x000000070a800000, 0x000000070a800000|
| 153|0x000000070a900000, 0x000000070a900000, 0x000000070aa00000|  0%| F|  |TS  0|AC  0|TAMS 0x000000070a900000, 0x000000070a900000|
| 154|0x000000070aa00000, 0x000000070aa00000, 0x000000070ab00000|  0%| F|  |TS  0|AC  0|TAMS 0x000000070aa00000, 0x000000070aa00000|
| 155|0x000000070ab00000, 0x000000070ab00000, 0x000000070ac00000|  0%| F|  |TS  0|AC  0|TAMS 0x000000070ab00000, 0x000000070ab00000|
| 156|0x000000070ac00000, 0x000000070ac00000, 0x000000070ad00000|  0%| F|  |TS  0|AC  0|TAMS 0x000000070ac00000, 0x000000070ac00000|
| 157|0x000000070ad00000, 0x000000070ad00000, 0x000000070ae00000|  0%| F|  |TS  0|AC  0|TAMS 0x000000070ad00000, 0x000000070ad00000|
| 158|0x000000070ae00000, 0x000000070ae00000, 0x000000070af00000|  0%| F|  |TS  0|AC  0|TAMS 0x000000070ae00000, 0x000000070ae00000|
| 159|0x000000070af00000, 0x000000070af00000, 0x000000070b000000|  0%| F|  |TS  0|AC  0|TAMS 0x000000070af00000, 0x000000070af00000|
| 160|0x000000070b000000, 0x000000070b000000, 0x000000070b100000|  0%| F|  |TS  0|AC  0|TAMS 0x000000070b000000, 0x000000070b000000|
| 161|0x000000070b100000, 0x000000070b100000, 0x000000070b200000|  0%| F|  |TS  0|AC  0|TAMS 0x000000070b100000, 0x000000070b100000|
| 162|0x000000070b200000, 0x000000070b200000, 0x000000070b300000|  0%| F|  |TS  0|AC  0|TAMS 0x000000070b200000, 0x000000070b200000|
| 163|0x000000070b300000, 0x000000070b300000, 0x000000070b400000|  0%| F|  |TS  0|AC  0|TAMS 0x000000070b300000, 0x000000070b300000|
| 164|0x000000070b400000, 0x000000070b400000, 0x000000070b500000|  0%| F|  |TS  0|AC  0|TAMS 0x000000070b400000, 0x000000070b400000|
| 165|0x000000070b500000, 0x000000070b500000, 0x000000070b600000|  0%| F|  |TS  0|AC  0|TAMS 0x000000070b500000, 0x000000070b500000|
| 166|0x000000070b600000, 0x000000070b600000, 0x000000070b700000|  0%| F|  |TS  0|AC  0|TAMS 0x000000070b600000, 0x000000070b600000|
| 167|0x000000070b700000, 0x000000070b700000, 0x000000070b800000|  0%| F|  |TS  0|AC  0|TAMS 0x000000070b700000, 0x000000070b700000|
| 168|0x000000070b800000, 0x000000070b800000, 0x000000070b900000|  0%| F|  |TS  0|AC  0|TAMS 0x000000070b800000, 0x000000070b800000|
| 169|0x000000070b900000, 0x000000070b900000, 0x000000070ba00000|  0%| F|  |TS  0|AC  0|TAMS 0x000000070b900000, 0x000000070b900000|
| 170|0x000000070ba00000, 0x000000070ba00000, 0x000000070bb00000|  0%| F|  |TS  0|AC  0|TAMS 0x000000070ba00000, 0x000000070ba00000|
| 171|0x000000070bb00000, 0x000000070bb00000, 0x000000070bc00000|  0%| F|  |TS  0|AC  0|TAMS 0x000000070bb00000, 0x000000070bb00000|
| 172|0x000000070bc00000, 0x000000070bc00000, 0x000000070bd00000|  0%| F|  |TS  0|AC  0|TAMS 0x000000070bc00000, 0x000000070bc00000|
| 173|0x000000070bd00000, 0x000000070bd00000, 0x000000070be00000|  0%| F|  |TS  0|AC  0|TAMS 0x000000070bd00000, 0x000000070bd00000|
| 174|0x000000070be00000, 0x000000070be00000, 0x000000070bf00000|  0%| F|  |TS  0|AC  0|TAMS 0x000000070be00000, 0x000000070be00000|
| 175|0x000000070bf00000, 0x000000070bf00000, 0x000000070c000000|  0%| F|  |TS  0|AC  0|TAMS 0x000000070bf00000, 0x000000070bf00000|
| 176|0x000000070c000000, 0x000000070c000000, 0x000000070c100000|  0%| F|  |TS  0|AC  0|TAMS 0x000000070c000000, 0x000000070c000000|
| 177|0x000000070c100000, 0x000000070c100000, 0x000000070c200000|  0%| F|  |TS  0|AC  0|TAMS 0x000000070c100000, 0x000000070c100000|
| 178|0x000000070c200000, 0x000000070c200000, 0x000000070c300000|  0%| F|  |TS  0|AC  0|TAMS 0x000000070c200000, 0x000000070c200000|
| 179|0x000000070c300000, 0x000000070c300000, 0x000000070c400000|  0%| F|  |TS  0|AC  0|TAMS 0x000000070c300000, 0x000000070c300000|
| 180|0x000000070c400000, 0x000000070c400000, 0x000000070c500000|  0%| F|  |TS  0|AC  0|TAMS 0x000000070c400000, 0x000000070c400000|
| 181|0x000000070c500000, 0x000000070c500000, 0x000000070c600000|  0%| F|  |TS  0|AC  0|TAMS 0x000000070c500000, 0x000000070c500000|
| 182|0x000000070c600000, 0x000000070c600000, 0x000000070c700000|  0%| F|  |TS  0|AC  0|TAMS 0x000000070c600000, 0x000000070c600000|
| 183|0x000000070c700000, 0x000000070c700000, 0x000000070c800000|  0%| F|  |TS  0|AC  0|TAMS 0x000000070c700000, 0x000000070c700000|
| 184|0x000000070c800000, 0x000000070c800000, 0x000000070c900000|  0%| F|  |TS  0|AC  0|TAMS 0x000000070c800000, 0x000000070c800000|
| 185|0x000000070c900000, 0x000000070c900000, 0x000000070ca00000|  0%| F|  |TS  0|AC  0|TAMS 0x000000070c900000, 0x000000070c900000|
| 186|0x000000070ca00000, 0x000000070ca00000, 0x000000070cb00000|  0%| F|  |TS  0|AC  0|TAMS 0x000000070ca00000, 0x000000070ca00000|
| 187|0x000000070cb00000, 0x000000070cc00000, 0x000000070cc00000|100%| E|  |TS  0|AC  0|TAMS 0x000000070cb00000, 0x000000070cb00000|
| 188|0x000000070cc00000, 0x000000070cd00000, 0x000000070cd00000|100%| E|CS|TS  0|AC  0|TAMS 0x000000070cc00000, 0x000000070cc00000|
| 189|0x000000070cd00000, 0x000000070ce00000, 0x000000070ce00000|100%| E|CS|TS  0|AC  0|TAMS 0x000000070cd00000, 0x000000070cd00000|
| 190|0x000000070ce00000, 0x000000070cf00000, 0x000000070cf00000|100%| E|CS|TS  0|AC  0|TAMS 0x000000070ce00000, 0x000000070ce00000|
| 191|0x000000070cf00000, 0x000000070d000000, 0x000000070d000000|100%| E|CS|TS  0|AC  0|TAMS 0x000000070cf00000, 0x000000070cf00000|

Card table byte_map: [0x000002979a8b0000,0x000002979aeb0000] byte_map_base: 0x00000297970a8000

Marking Bits (Prev, Next): (CMBitMap*) 0x00000297fdcdc530, (CMBitMap*) 0x00000297fdcdc568
 Prev Bits: [0x000002979b4b0000, 0x000002979e470000)
 Next Bits: [0x000002979e470000, 0x00000297a1430000)

Polling page: 0x00000297fdbb0000

CodeHeap 'non-profiled nmethods': size=120064Kb used=148Kb max_used=148Kb free=119916Kb
 bounds [0x0000029792d70000, 0x0000029792fe0000, 0x000002979a2b0000]
CodeHeap 'profiled nmethods': size=120000Kb used=609Kb max_used=609Kb free=119390Kb
 bounds [0x000002978b840000, 0x000002978bab0000, 0x0000029792d70000]
CodeHeap 'non-nmethods': size=5696Kb used=1140Kb max_used=1149Kb free=4555Kb
 bounds [0x000002978b2b0000, 0x000002978b520000, 0x000002978b840000]
 total_blobs=893 nmethods=422 adapters=270
 compilation: enabled

Compilation events (10 events):
Event: 3.005 Thread 0x00000297a413c000  417   !   3       java.security.cert.Certificate::equals (38 bytes)
Event: 3.008 Thread 0x00000297a413c000 nmethod 417 0x000002978b8d5b90 code [0x000002978b8d5e20, 0x000002978b8d6b90]
Event: 3.008 Thread 0x00000297a413c000  418       3       sun.security.x509.X509CertImpl::getEncodedInternal (20 bytes)
Event: 3.009 Thread 0x00000297a413c000 nmethod 418 0x000002978b8d7010 code [0x000002978b8d7220, 0x000002978b8d77a0]
Event: 3.019 Thread 0x00000297a413c000  420       1       java.util.zip.ZipFile$Source::access$200 (5 bytes)
Event: 3.020 Thread 0x00000297a413c000 nmethod 420 0x0000029792d94c90 code [0x0000029792d94e40, 0x0000029792d94f38]
Event: 4823.038 Thread 0x00000297a413c000  421       3       org.eclipse.jdt.launching.internal.org.objectweb.asm.ClassReader::readUnsignedShort (26 bytes)
Event: 4823.038 Thread 0x00000297a413c000 nmethod 421 0x000002978b8d7910 code [0x000002978b8d7ac0, 0x000002978b8d7c78]
Event: 4894.005 Thread 0x00000297a413c000  422       3       org.eclipse.jdt.launching.internal.org.objectweb.asm.ClassReader::readUtf (44 bytes)
Event: 4894.006 Thread 0x00000297a413c000 nmethod 422 0x000002978b8d7d90 code [0x000002978b8d7f80, 0x000002978b8d8470]

GC Heap History (0 events):
No events

Deoptimization events (5 events):
Event: 0.878 Thread 0x00000297ff656000 Uncommon trap: reason=unstable_if action=reinterpret pc=0x0000029792d7effc method=java.util.HashMap.putVal(ILjava/lang/Object;Ljava/lang/Object;ZZ)Ljava/lang/Object; @ 69 c2
Event: 0.878 Thread 0x00000297ff656000 Uncommon trap: reason=unstable_if action=reinterpret pc=0x0000029792d7cbe8 method=java.util.HashMap.putVal(ILjava/lang/Object;Ljava/lang/Object;ZZ)Ljava/lang/Object; @ 69 c2
Event: 1.342 Thread 0x00000297ff656000 Uncommon trap: reason=unstable_if action=reinterpret pc=0x0000029792d73f04 method=java.lang.String.hashCode()I @ 14 c2
Event: 2.208 Thread 0x00000297ff656000 Uncommon trap: reason=unstable_if action=reinterpret pc=0x0000029792d8607c method=java.lang.String.isLatin1()Z @ 10 c2
Event: 2.208 Thread 0x00000297ff656000 Uncommon trap: reason=unstable_if action=reinterpret pc=0x0000029792d88bfc method=java.lang.String.isLatin1()Z @ 10 c2

Classes redefined (2 events):
Event: 4823.042 Thread 0x00000297a3841000 redefined class name=SDET.Practice, count=1
Event: 4894.008 Thread 0x00000297a3841000 redefined class name=SDET.Practice, count=2

Internal exceptions (0 events):
No events

Events (10 events):
Event: 4894.019 Executing VM operation: GetFrameCount done
Event: 4894.019 Executing VM operation: GetFrameLocation
Event: 4894.019 Executing VM operation: GetFrameLocation done
Event: 4899.391 Executing VM operation: GetFrameCount
Event: 4899.391 Executing VM operation: GetFrameCount done
Event: 4899.391 Executing VM operation: GetOwnedMonitorInfo
Event: 4899.391 Executing VM operation: GetOwnedMonitorInfo done
Event: 4899.392 Executing VM operation: GetCurrentContendedMonitor
Event: 4899.392 Executing VM operation: GetCurrentContendedMonitor done
Event: 4900.780 Executing VM operation: GetOrSetLocal


Dynamic libraries:
0x00007ff7c73c0000 - 0x00007ff7c73fe000 	C:\Program Files\Java\jdk-10.0.2\bin\javaw.exe
0x00007ffd334b0000 - 0x00007ffd336a5000 	C:\WINDOWS\SYSTEM32\ntdll.dll
0x00007ffd31d40000 - 0x00007ffd31dfd000 	C:\WINDOWS\System32\KERNEL32.DLL
0x00007ffd30d00000 - 0x00007ffd30fc8000 	C:\WINDOWS\System32\KERNELBASE.dll
0x00007ffd32b70000 - 0x00007ffd32c1c000 	C:\WINDOWS\System32\ADVAPI32.dll
0x00007ffd31b90000 - 0x00007ffd31c2e000 	C:\WINDOWS\System32\msvcrt.dll
0x00007ffd32910000 - 0x00007ffd329ab000 	C:\WINDOWS\System32\sechost.dll
0x00007ffd31700000 - 0x00007ffd3182b000 	C:\WINDOWS\System32\RPCRT4.dll
0x00007ffd32020000 - 0x00007ffd321c0000 	C:\WINDOWS\System32\USER32.dll
0x00007ffd30c70000 - 0x00007ffd30c92000 	C:\WINDOWS\System32\win32u.dll
0x00007ffd329b0000 - 0x00007ffd329da000 	C:\WINDOWS\System32\GDI32.dll
0x00007ffd31130000 - 0x00007ffd3123b000 	C:\WINDOWS\System32\gdi32full.dll
0x00007ffd31470000 - 0x00007ffd3150d000 	C:\WINDOWS\System32\msvcp_win.dll
0x00007ffd312f0000 - 0x00007ffd313f0000 	C:\WINDOWS\System32\ucrtbase.dll
0x00007ffd22490000 - 0x00007ffd2272a000 	C:\WINDOWS\WinSxS\amd64_microsoft.windows.common-controls_6595b64144ccf1df_6.0.19041.844_none_ca00b6081b84eb1d\COMCTL32.dll
0x00007ffd30780000 - 0x00007ffd3078a000 	C:\WINDOWS\SYSTEM32\VERSION.dll
0x00007ffd329e0000 - 0x00007ffd32a10000 	C:\WINDOWS\System32\IMM32.DLL
0x00007ffd11720000 - 0x00007ffd1180f000 	C:\Program Files\Java\jdk-10.0.2\bin\msvcr120.dll
0x00007ffd002d0000 - 0x00007ffd00376000 	C:\Program Files\Java\jdk-10.0.2\bin\msvcp120.dll
0x000000006ced0000 - 0x000000006d940000 	C:\Program Files\Java\jdk-10.0.2\bin\server\jvm.dll
0x00007ffd31510000 - 0x00007ffd31518000 	C:\WINDOWS\System32\PSAPI.DLL
0x00007ffd251b0000 - 0x00007ffd251d7000 	C:\WINDOWS\SYSTEM32\WINMM.dll
0x00007ffd2c190000 - 0x00007ffd2c199000 	C:\WINDOWS\SYSTEM32\WSOCK32.dll
0x00007ffd31e00000 - 0x00007ffd31e6b000 	C:\WINDOWS\System32\WS2_32.dll
0x00007ffd2bee0000 - 0x00007ffd2beef000 	C:\Program Files\Java\jdk-10.0.2\bin\verify.dll
0x00007ffd2b160000 - 0x00007ffd2b344000 	C:\WINDOWS\SYSTEM32\DBGHELP.DLL
0x00007ffd28290000 - 0x00007ffd282bc000 	C:\WINDOWS\SYSTEM32\dbgcore.DLL
0x00007ffd313f0000 - 0x00007ffd31470000 	C:\WINDOWS\System32\bcryptPrimitives.dll
0x00007ffd11620000 - 0x00007ffd11647000 	C:\Program Files\Java\jdk-10.0.2\bin\java.dll
0x00007ffd115e0000 - 0x00007ffd11616000 	C:\Program Files\Java\jdk-10.0.2\bin\jdwp.dll
0x00007ffd11130000 - 0x00007ffd1115a000 	C:\Program Files\Java\jdk-10.0.2\bin\instrument.dll
0x00007ffd2aef0000 - 0x00007ffd2af06000 	C:\Program Files\Java\jdk-10.0.2\bin\zip.dll
0x00007ffd2bec0000 - 0x00007ffd2beca000 	C:\Program Files\Java\jdk-10.0.2\bin\jimage.dll
0x00007ffd321c0000 - 0x00007ffd32902000 	C:\WINDOWS\System32\SHELL32.dll
0x00007ffd2ecc0000 - 0x00007ffd2f451000 	C:\WINDOWS\SYSTEM32\windows.storage.dll
0x00007ffd31830000 - 0x00007ffd31b85000 	C:\WINDOWS\System32\combase.dll
0x00007ffd305f0000 - 0x00007ffd3061c000 	C:\WINDOWS\SYSTEM32\Wldp.dll
0x00007ffd31c90000 - 0x00007ffd31d3e000 	C:\WINDOWS\System32\SHCORE.dll
0x00007ffd31c30000 - 0x00007ffd31c85000 	C:\WINDOWS\System32\shlwapi.dll
0x00007ffd30b30000 - 0x00007ffd30b4f000 	C:\WINDOWS\SYSTEM32\profapi.dll
0x00007ffd282c0000 - 0x00007ffd282ca000 	C:\Program Files\Java\jdk-10.0.2\bin\dt_socket.dll
0x00007ffd30360000 - 0x00007ffd303ca000 	C:\WINDOWS\System32\mswsock.dll
0x00007ffd30040000 - 0x00007ffd3010c000 	C:\WINDOWS\SYSTEM32\DNSAPI.dll
0x00007ffd30000000 - 0x00007ffd3003b000 	C:\WINDOWS\SYSTEM32\IPHLPAPI.DLL
0x00007ffd316f0000 - 0x00007ffd316f8000 	C:\WINDOWS\System32\NSI.dll
0x00007ffd217c0000 - 0x00007ffd2183f000 	C:\WINDOWS\System32\fwpuclnt.dll
0x00007ffd30bf0000 - 0x00007ffd30c17000 	C:\WINDOWS\System32\bcrypt.dll
0x00007ffd27c30000 - 0x00007ffd27c3a000 	C:\Windows\System32\rasadhlp.dll
0x00007ffd1cc50000 - 0x00007ffd1cc6a000 	C:\Program Files\Java\jdk-10.0.2\bin\net.dll
0x00007ffd25dc0000 - 0x00007ffd25ecb000 	C:\WINDOWS\SYSTEM32\WINHTTP.dll
0x00007ffd1ca30000 - 0x00007ffd1ca41000 	C:\Program Files\Java\jdk-10.0.2\bin\nio.dll

dbghelp: loaded successfully - version: 4.0.5 - missing functions: none
symbol engine: initialized successfully - sym options: 0x614 - pdb path: .;C:\Program Files\Java\jdk-10.0.2\bin;C:\WINDOWS\SYSTEM32;C:\WINDOWS\WinSxS\amd64_microsoft.windows.common-controls_6595b64144ccf1df_6.0.19041.844_none_ca00b6081b84eb1d;C:\Program Files\Java\jdk-10.0.2\bin\server

VM Arguments:
jvm_args: -agentlib:jdwp=transport=dt_socket,suspend=y,address=localhost:59238 -javaagent:C:\Users\User\eclipse\java-2021-03\eclipse\configuration\org.eclipse.osgi\222\0\.cp\lib\javaagent-shaded.jar -Dfile.encoding=Cp1252 
java_command: SDET.Practice
java_class_path (initial): C:\Users\User\eclipse-workspace\Brightpath
Launcher Type: SUN_STANDARD

Logging:
Log output configuration:
#0: stdout all=warning uptime,level,tags
#1: stderr all=off uptime,level,tags

Environment Variables:
JAVA_HOME=C:\Program Files\Java\jdk-10.0.2
PATH=C:/Program Files/Java/jdk-16.0.1/bin/server;C:/Program Files/Java/jdk-16.0.1/bin;C:\Program Files\Common Files\Oracle\Java\javapath;C:\Program Files (x86)\Common Files\Oracle\Java\javapath;C:\ProgramData\Oracle\Java\javapath;C:\Program Files\Broadcom\Broadcom 802.11;C:\Program Files (x86)\NVIDIA Corporation\PhysX\Common;C:\WINDOWS\system32;C:\WINDOWS;C:\WINDOWS\System32\Wbem;C:\WINDOWS\System32\WindowsPowerShell\v1.0\;C:\Program Files\Java\jdk-10.0.2\bin;C:\Program Files\Android\Android Studio\tools;C:\WINDOWS\System32\OpenSSH\;;C:\Program Files\NVIDIA Corporation\NVIDIA NvDLISR;C:\Program Files\Microsoft SQL Server\Client SDK\ODBC\170\Tools\Binn\;C:\Program Files (x86)\Microsoft SQL Server\150\Tools\Binn\;C:\Program Files\Microsoft SQL Server\150\Tools\Binn\;C:\Program Files\Microsoft SQL Server\150\DTS\Binn\;C:\Program Files (x86)\Microsoft SQL Server\150\DTS\Binn\;C:\WINDOWS\system32;C:\WINDOWS;C:\WINDOWS\System32\Wbem;C:\WINDOWS\System32\WindowsPowerShell\v1.0\;C:\WINDOWS\System32\OpenSSH\;C:\Users\User\AppData\Local\Programs\Microsoft VS Code\bin;C:\Users\User\AppData\Local\Microsoft\WindowsApps;;C:\Users\User\Desktop;
USERNAME=User
OS=Windows_NT
PROCESSOR_IDENTIFIER=Intel64 Family 6 Model 69 Stepping 1, GenuineIntel



---------------  S Y S T E M  ---------------

OS: Windows 10 , 64 bit Build 19041 (10.0.19041.928)

CPU:total 4 (initial active 4) (2 cores per cpu, 2 threads per core) family 6 model 69 stepping 1, cmov, cx8, fxsr, mmx, sse, sse2, sse3, ssse3, sse4.1, sse4.2, popcnt, avx, avx2, aes, clmul, erms, lzcnt, ht, tsc, tscinvbit, bmi1, bmi2, fma

Memory: 4k page, physical 12511384k(4662848k free), swap 15919256k(2275808k free)

vm_info: Java HotSpot(TM) 64-Bit Server VM (10.0.2+13) for windows-amd64 JRE (10.0.2+13), built on Jun 28 2018 01:57:56 by "mach5one" with MS VC++ 12.0 (VS2013)

END.
